2023-04-08T01:39:19.246-04:00  INFO 15316 --- [restartedMain] c.S.SpringBootCrudApplication            : Starting SpringBootCrudApplication using Java 17.0.6 with PID 15316 (/home/ususer/IdeaProjects/SpringBoot_CRUD/target/classes started by ususer in /home/ususer/IdeaProjects/SpringBoot_CRUD)
2023-04-08T01:39:19.264-04:00  INFO 15316 --- [restartedMain] c.S.SpringBootCrudApplication            : No active profile set, falling back to 1 default profile: "default"
2023-04-08T01:39:19.348-04:00  INFO 15316 --- [restartedMain] .e.DevToolsPropertyDefaultsPostProcessor : Devtools property defaults active! Set 'spring.devtools.add-properties' to 'false' to disable
2023-04-08T01:39:19.348-04:00  INFO 15316 --- [restartedMain] .e.DevToolsPropertyDefaultsPostProcessor : For additional web related logging consider setting the 'logging.level.web' property to 'DEBUG'
2023-04-08T01:39:19.925-04:00  INFO 15316 --- [restartedMain] .s.d.r.c.RepositoryConfigurationDelegate : Bootstrapping Spring Data JPA repositories in DEFAULT mode.
2023-04-08T01:39:19.941-04:00  INFO 15316 --- [restartedMain] .s.d.r.c.RepositoryConfigurationDelegate : Finished Spring Data repository scanning in 10 ms. Found 0 JPA repository interfaces.
2023-04-08T01:39:20.170-04:00  INFO 15316 --- [restartedMain] trationDelegate$BeanPostProcessorChecker : Bean 'org.springframework.ws.config.annotation.DelegatingWsConfiguration' of type [org.springframework.ws.config.annotation.DelegatingWsConfiguration$$SpringCGLIB$$0] is not eligible for getting processed by all BeanPostProcessors (for example: not eligible for auto-proxying)
2023-04-08T01:39:20.199-04:00  INFO 15316 --- [restartedMain] .w.s.a.s.AnnotationActionEndpointMapping : Supporting [WS-Addressing August 2004, WS-Addressing 1.0]
2023-04-08T01:39:20.434-04:00  INFO 15316 --- [restartedMain] o.s.b.w.embedded.tomcat.TomcatWebServer  : Tomcat initialized with port(s): 8888 (http)
2023-04-08T01:39:20.441-04:00  INFO 15316 --- [restartedMain] o.apache.catalina.core.StandardService   : Starting service [Tomcat]
2023-04-08T01:39:20.442-04:00  INFO 15316 --- [restartedMain] o.apache.catalina.core.StandardEngine    : Starting Servlet engine: [Apache Tomcat/10.1.7]
2023-04-08T01:39:20.492-04:00  INFO 15316 --- [restartedMain] o.a.c.c.C.[Tomcat].[localhost].[/]       : Initializing Spring embedded WebApplicationContext
2023-04-08T01:39:20.492-04:00  INFO 15316 --- [restartedMain] w.s.c.ServletWebServerApplicationContext : Root WebApplicationContext: initialization completed in 1144 ms
2023-04-08T01:39:20.630-04:00  INFO 15316 --- [restartedMain] o.hibernate.jpa.internal.util.LogHelper  : HHH000204: Processing PersistenceUnitInfo [name: default]
2023-04-08T01:39:20.669-04:00  INFO 15316 --- [restartedMain] org.hibernate.Version                    : HHH000412: Hibernate ORM core version 6.1.7.Final
2023-04-08T01:39:20.872-04:00  INFO 15316 --- [restartedMain] com.zaxxer.hikari.HikariDataSource       : HikariPool-1 - Starting...
2023-04-08T01:39:21.108-04:00  INFO 15316 --- [restartedMain] com.zaxxer.hikari.pool.HikariPool        : HikariPool-1 - Added connection com.mysql.cj.jdbc.ConnectionImpl@675af203
2023-04-08T01:39:21.109-04:00  INFO 15316 --- [restartedMain] com.zaxxer.hikari.HikariDataSource       : HikariPool-1 - Start completed.
2023-04-08T01:39:21.119-04:00  WARN 15316 --- [restartedMain] o.h.e.j.e.i.JdbcEnvironmentInitiator     : HHH000342: Could not obtain connection to query metadata

org.hibernate.boot.registry.selector.spi.StrategySelectionException: Unable to resolve name [org.hibernate.dialect.MySQL5InnoDBDialect] as strategy [org.hibernate.dialect.Dialect]
	at org.hibernate.boot.registry.selector.internal.StrategySelectorImpl.selectStrategyImplementor(StrategySelectorImpl.java:155) ~[hibernate-core-6.1.7.Final.jar:6.1.7.Final]
	at org.hibernate.boot.registry.selector.internal.StrategySelectorImpl.resolveStrategy(StrategySelectorImpl.java:237) ~[hibernate-core-6.1.7.Final.jar:6.1.7.Final]
	at org.hibernate.boot.registry.selector.internal.StrategySelectorImpl.resolveStrategy(StrategySelectorImpl.java:190) ~[hibernate-core-6.1.7.Final.jar:6.1.7.Final]
	at org.hibernate.engine.jdbc.dialect.internal.DialectFactoryImpl.constructDialect(DialectFactoryImpl.java:96) ~[hibernate-core-6.1.7.Final.jar:6.1.7.Final]
	at org.hibernate.engine.jdbc.dialect.internal.DialectFactoryImpl.buildDialect(DialectFactoryImpl.java:59) ~[hibernate-core-6.1.7.Final.jar:6.1.7.Final]
	at org.hibernate.engine.jdbc.env.internal.JdbcEnvironmentInitiator.initiateService(JdbcEnvironmentInitiator.java:206) ~[hibernate-core-6.1.7.Final.jar:6.1.7.Final]
	at org.hibernate.engine.jdbc.env.internal.JdbcEnvironmentInitiator.initiateService(JdbcEnvironmentInitiator.java:36) ~[hibernate-core-6.1.7.Final.jar:6.1.7.Final]
	at org.hibernate.boot.registry.internal.StandardServiceRegistryImpl.initiateService(StandardServiceRegistryImpl.java:119) ~[hibernate-core-6.1.7.Final.jar:6.1.7.Final]
	at org.hibernate.service.internal.AbstractServiceRegistryImpl.createService(AbstractServiceRegistryImpl.java:255) ~[hibernate-core-6.1.7.Final.jar:6.1.7.Final]
	at org.hibernate.service.internal.AbstractServiceRegistryImpl.initializeService(AbstractServiceRegistryImpl.java:230) ~[hibernate-core-6.1.7.Final.jar:6.1.7.Final]
	at org.hibernate.service.internal.AbstractServiceRegistryImpl.getService(AbstractServiceRegistryImpl.java:207) ~[hibernate-core-6.1.7.Final.jar:6.1.7.Final]
	at org.hibernate.boot.model.relational.Database.<init>(Database.java:44) ~[hibernate-core-6.1.7.Final.jar:6.1.7.Final]
	at org.hibernate.boot.internal.InFlightMetadataCollectorImpl.getDatabase(InFlightMetadataCollectorImpl.java:218) ~[hibernate-core-6.1.7.Final.jar:6.1.7.Final]
	at org.hibernate.boot.internal.InFlightMetadataCollectorImpl.<init>(InFlightMetadataCollectorImpl.java:191) ~[hibernate-core-6.1.7.Final.jar:6.1.7.Final]
	at org.hibernate.boot.model.process.spi.MetadataBuildingProcess.complete(MetadataBuildingProcess.java:138) ~[hibernate-core-6.1.7.Final.jar:6.1.7.Final]
	at org.hibernate.jpa.boot.internal.EntityManagerFactoryBuilderImpl.metadata(EntityManagerFactoryBuilderImpl.java:1348) ~[hibernate-core-6.1.7.Final.jar:6.1.7.Final]
	at org.hibernate.jpa.boot.internal.EntityManagerFactoryBuilderImpl.build(EntityManagerFactoryBuilderImpl.java:1419) ~[hibernate-core-6.1.7.Final.jar:6.1.7.Final]
	at org.springframework.orm.jpa.vendor.SpringHibernateJpaPersistenceProvider.createContainerEntityManagerFactory(SpringHibernateJpaPersistenceProvider.java:66) ~[spring-orm-6.0.7.jar:6.0.7]
	at org.springframework.orm.jpa.LocalContainerEntityManagerFactoryBean.createNativeEntityManagerFactory(LocalContainerEntityManagerFactoryBean.java:376) ~[spring-orm-6.0.7.jar:6.0.7]
	at org.springframework.orm.jpa.AbstractEntityManagerFactoryBean.buildNativeEntityManagerFactory(AbstractEntityManagerFactoryBean.java:409) ~[spring-orm-6.0.7.jar:6.0.7]
	at org.springframework.orm.jpa.AbstractEntityManagerFactoryBean.afterPropertiesSet(AbstractEntityManagerFactoryBean.java:396) ~[spring-orm-6.0.7.jar:6.0.7]
	at org.springframework.orm.jpa.LocalContainerEntityManagerFactoryBean.afterPropertiesSet(LocalContainerEntityManagerFactoryBean.java:352) ~[spring-orm-6.0.7.jar:6.0.7]
	at org.springframework.beans.factory.support.AbstractAutowireCapableBeanFactory.invokeInitMethods(AbstractAutowireCapableBeanFactory.java:1816) ~[spring-beans-6.0.7.jar:6.0.7]
	at org.springframework.beans.factory.support.AbstractAutowireCapableBeanFactory.initializeBean(AbstractAutowireCapableBeanFactory.java:1766) ~[spring-beans-6.0.7.jar:6.0.7]
	at org.springframework.beans.factory.support.AbstractAutowireCapableBeanFactory.doCreateBean(AbstractAutowireCapableBeanFactory.java:598) ~[spring-beans-6.0.7.jar:6.0.7]
	at org.springframework.beans.factory.support.AbstractAutowireCapableBeanFactory.createBean(AbstractAutowireCapableBeanFactory.java:520) ~[spring-beans-6.0.7.jar:6.0.7]
	at org.springframework.beans.factory.support.AbstractBeanFactory.lambda$doGetBean$0(AbstractBeanFactory.java:326) ~[spring-beans-6.0.7.jar:6.0.7]
	at org.springframework.beans.factory.support.DefaultSingletonBeanRegistry.getSingleton(DefaultSingletonBeanRegistry.java:234) ~[spring-beans-6.0.7.jar:6.0.7]
	at org.springframework.beans.factory.support.AbstractBeanFactory.doGetBean(AbstractBeanFactory.java:324) ~[spring-beans-6.0.7.jar:6.0.7]
	at org.springframework.beans.factory.support.AbstractBeanFactory.getBean(AbstractBeanFactory.java:200) ~[spring-beans-6.0.7.jar:6.0.7]
	at org.springframework.context.support.AbstractApplicationContext.getBean(AbstractApplicationContext.java:1132) ~[spring-context-6.0.7.jar:6.0.7]
	at org.springframework.context.support.AbstractApplicationContext.finishBeanFactoryInitialization(AbstractApplicationContext.java:907) ~[spring-context-6.0.7.jar:6.0.7]
	at org.springframework.context.support.AbstractApplicationContext.refresh(AbstractApplicationContext.java:584) ~[spring-context-6.0.7.jar:6.0.7]
	at org.springframework.boot.web.servlet.context.ServletWebServerApplicationContext.refresh(ServletWebServerApplicationContext.java:146) ~[spring-boot-3.0.5.jar:3.0.5]
	at org.springframework.boot.SpringApplication.refresh(SpringApplication.java:732) ~[spring-boot-3.0.5.jar:3.0.5]
	at org.springframework.boot.SpringApplication.refreshContext(SpringApplication.java:434) ~[spring-boot-3.0.5.jar:3.0.5]
	at org.springframework.boot.SpringApplication.run(SpringApplication.java:310) ~[spring-boot-3.0.5.jar:3.0.5]
	at org.springframework.boot.SpringApplication.run(SpringApplication.java:1304) ~[spring-boot-3.0.5.jar:3.0.5]
	at org.springframework.boot.SpringApplication.run(SpringApplication.java:1293) ~[spring-boot-3.0.5.jar:3.0.5]
	at com.SpringBoot_CRUD.SpringBootCrudApplication.main(SpringBootCrudApplication.java:10) ~[classes/:na]
	at java.base/jdk.internal.reflect.NativeMethodAccessorImpl.invoke0(Native Method) ~[na:na]
	at java.base/jdk.internal.reflect.NativeMethodAccessorImpl.invoke(NativeMethodAccessorImpl.java:77) ~[na:na]
	at java.base/jdk.internal.reflect.DelegatingMethodAccessorImpl.invoke(DelegatingMethodAccessorImpl.java:43) ~[na:na]
	at java.base/java.lang.reflect.Method.invoke(Method.java:568) ~[na:na]
	at org.springframework.boot.devtools.restart.RestartLauncher.run(RestartLauncher.java:49) ~[spring-boot-devtools-3.0.5.jar:3.0.5]
Caused by: org.hibernate.boot.registry.classloading.spi.ClassLoadingException: Unable to load class [org.hibernate.dialect.MySQL5InnoDBDialect]
	at org.hibernate.boot.registry.classloading.internal.ClassLoaderServiceImpl.classForName(ClassLoaderServiceImpl.java:123) ~[hibernate-core-6.1.7.Final.jar:6.1.7.Final]
	at org.hibernate.boot.registry.selector.internal.StrategySelectorImpl.selectStrategyImplementor(StrategySelectorImpl.java:151) ~[hibernate-core-6.1.7.Final.jar:6.1.7.Final]
	... 44 common frames omitted
Caused by: java.lang.ClassNotFoundException: Could not load requested class : org.hibernate.dialect.MySQL5InnoDBDialect
	at org.hibernate.boot.registry.classloading.internal.AggregatedClassLoader.findClass(AggregatedClassLoader.java:210) ~[hibernate-core-6.1.7.Final.jar:6.1.7.Final]
	at java.base/java.lang.ClassLoader.loadClass(ClassLoader.java:587) ~[na:na]
	at java.base/java.lang.ClassLoader.loadClass(ClassLoader.java:520) ~[na:na]
	at java.base/java.lang.Class.forName0(Native Method) ~[na:na]
	at java.base/java.lang.Class.forName(Class.java:467) ~[na:na]
	at org.hibernate.boot.registry.classloading.internal.ClassLoaderServiceImpl.classForName(ClassLoaderServiceImpl.java:120) ~[hibernate-core-6.1.7.Final.jar:6.1.7.Final]
	... 45 common frames omitted

2023-04-08T01:39:21.126-04:00 ERROR 15316 --- [restartedMain] j.LocalContainerEntityManagerFactoryBean : Failed to initialize JPA EntityManagerFactory: Unable to create requested service [org.hibernate.engine.jdbc.env.spi.JdbcEnvironment]
2023-04-08T01:39:21.127-04:00  WARN 15316 --- [restartedMain] ConfigServletWebServerApplicationContext : Exception encountered during context initialization - cancelling refresh attempt: org.springframework.beans.factory.BeanCreationException: Error creating bean with name 'entityManagerFactory' defined in class path resource [org/springframework/boot/autoconfigure/orm/jpa/HibernateJpaConfiguration.class]: Unable to create requested service [org.hibernate.engine.jdbc.env.spi.JdbcEnvironment]
2023-04-08T01:39:21.128-04:00  INFO 15316 --- [restartedMain] com.zaxxer.hikari.HikariDataSource       : HikariPool-1 - Shutdown initiated...
2023-04-08T01:39:21.131-04:00  INFO 15316 --- [restartedMain] com.zaxxer.hikari.HikariDataSource       : HikariPool-1 - Shutdown completed.
2023-04-08T01:39:21.134-04:00  INFO 15316 --- [restartedMain] o.apache.catalina.core.StandardService   : Stopping service [Tomcat]
2023-04-08T01:39:21.146-04:00  INFO 15316 --- [restartedMain] .s.b.a.l.ConditionEvaluationReportLogger : 

Error starting ApplicationContext. To display the condition evaluation report re-run your application with 'debug' enabled.
2023-04-08T01:39:21.160-04:00 ERROR 15316 --- [restartedMain] o.s.boot.SpringApplication               : Application run failed

org.springframework.beans.factory.BeanCreationException: Error creating bean with name 'entityManagerFactory' defined in class path resource [org/springframework/boot/autoconfigure/orm/jpa/HibernateJpaConfiguration.class]: Unable to create requested service [org.hibernate.engine.jdbc.env.spi.JdbcEnvironment]
	at org.springframework.beans.factory.support.AbstractAutowireCapableBeanFactory.initializeBean(AbstractAutowireCapableBeanFactory.java:1770) ~[spring-beans-6.0.7.jar:6.0.7]
	at org.springframework.beans.factory.support.AbstractAutowireCapableBeanFactory.doCreateBean(AbstractAutowireCapableBeanFactory.java:598) ~[spring-beans-6.0.7.jar:6.0.7]
	at org.springframework.beans.factory.support.AbstractAutowireCapableBeanFactory.createBean(AbstractAutowireCapableBeanFactory.java:520) ~[spring-beans-6.0.7.jar:6.0.7]
	at org.springframework.beans.factory.support.AbstractBeanFactory.lambda$doGetBean$0(AbstractBeanFactory.java:326) ~[spring-beans-6.0.7.jar:6.0.7]
	at org.springframework.beans.factory.support.DefaultSingletonBeanRegistry.getSingleton(DefaultSingletonBeanRegistry.java:234) ~[spring-beans-6.0.7.jar:6.0.7]
	at org.springframework.beans.factory.support.AbstractBeanFactory.doGetBean(AbstractBeanFactory.java:324) ~[spring-beans-6.0.7.jar:6.0.7]
	at org.springframework.beans.factory.support.AbstractBeanFactory.getBean(AbstractBeanFactory.java:200) ~[spring-beans-6.0.7.jar:6.0.7]
	at org.springframework.context.support.AbstractApplicationContext.getBean(AbstractApplicationContext.java:1132) ~[spring-context-6.0.7.jar:6.0.7]
	at org.springframework.context.support.AbstractApplicationContext.finishBeanFactoryInitialization(AbstractApplicationContext.java:907) ~[spring-context-6.0.7.jar:6.0.7]
	at org.springframework.context.support.AbstractApplicationContext.refresh(AbstractApplicationContext.java:584) ~[spring-context-6.0.7.jar:6.0.7]
	at org.springframework.boot.web.servlet.context.ServletWebServerApplicationContext.refresh(ServletWebServerApplicationContext.java:146) ~[spring-boot-3.0.5.jar:3.0.5]
	at org.springframework.boot.SpringApplication.refresh(SpringApplication.java:732) ~[spring-boot-3.0.5.jar:3.0.5]
	at org.springframework.boot.SpringApplication.refreshContext(SpringApplication.java:434) ~[spring-boot-3.0.5.jar:3.0.5]
	at org.springframework.boot.SpringApplication.run(SpringApplication.java:310) ~[spring-boot-3.0.5.jar:3.0.5]
	at org.springframework.boot.SpringApplication.run(SpringApplication.java:1304) ~[spring-boot-3.0.5.jar:3.0.5]
	at org.springframework.boot.SpringApplication.run(SpringApplication.java:1293) ~[spring-boot-3.0.5.jar:3.0.5]
	at com.SpringBoot_CRUD.SpringBootCrudApplication.main(SpringBootCrudApplication.java:10) ~[classes/:na]
	at java.base/jdk.internal.reflect.NativeMethodAccessorImpl.invoke0(Native Method) ~[na:na]
	at java.base/jdk.internal.reflect.NativeMethodAccessorImpl.invoke(NativeMethodAccessorImpl.java:77) ~[na:na]
	at java.base/jdk.internal.reflect.DelegatingMethodAccessorImpl.invoke(DelegatingMethodAccessorImpl.java:43) ~[na:na]
	at java.base/java.lang.reflect.Method.invoke(Method.java:568) ~[na:na]
	at org.springframework.boot.devtools.restart.RestartLauncher.run(RestartLauncher.java:49) ~[spring-boot-devtools-3.0.5.jar:3.0.5]
Caused by: org.hibernate.service.spi.ServiceException: Unable to create requested service [org.hibernate.engine.jdbc.env.spi.JdbcEnvironment]
	at org.hibernate.service.internal.AbstractServiceRegistryImpl.createService(AbstractServiceRegistryImpl.java:267) ~[hibernate-core-6.1.7.Final.jar:6.1.7.Final]
	at org.hibernate.service.internal.AbstractServiceRegistryImpl.initializeService(AbstractServiceRegistryImpl.java:230) ~[hibernate-core-6.1.7.Final.jar:6.1.7.Final]
	at org.hibernate.service.internal.AbstractServiceRegistryImpl.getService(AbstractServiceRegistryImpl.java:207) ~[hibernate-core-6.1.7.Final.jar:6.1.7.Final]
	at org.hibernate.boot.model.relational.Database.<init>(Database.java:44) ~[hibernate-core-6.1.7.Final.jar:6.1.7.Final]
	at org.hibernate.boot.internal.InFlightMetadataCollectorImpl.getDatabase(InFlightMetadataCollectorImpl.java:218) ~[hibernate-core-6.1.7.Final.jar:6.1.7.Final]
	at org.hibernate.boot.internal.InFlightMetadataCollectorImpl.<init>(InFlightMetadataCollectorImpl.java:191) ~[hibernate-core-6.1.7.Final.jar:6.1.7.Final]
	at org.hibernate.boot.model.process.spi.MetadataBuildingProcess.complete(MetadataBuildingProcess.java:138) ~[hibernate-core-6.1.7.Final.jar:6.1.7.Final]
	at org.hibernate.jpa.boot.internal.EntityManagerFactoryBuilderImpl.metadata(EntityManagerFactoryBuilderImpl.java:1348) ~[hibernate-core-6.1.7.Final.jar:6.1.7.Final]
	at org.hibernate.jpa.boot.internal.EntityManagerFactoryBuilderImpl.build(EntityManagerFactoryBuilderImpl.java:1419) ~[hibernate-core-6.1.7.Final.jar:6.1.7.Final]
	at org.springframework.orm.jpa.vendor.SpringHibernateJpaPersistenceProvider.createContainerEntityManagerFactory(SpringHibernateJpaPersistenceProvider.java:66) ~[spring-orm-6.0.7.jar:6.0.7]
	at org.springframework.orm.jpa.LocalContainerEntityManagerFactoryBean.createNativeEntityManagerFactory(LocalContainerEntityManagerFactoryBean.java:376) ~[spring-orm-6.0.7.jar:6.0.7]
	at org.springframework.orm.jpa.AbstractEntityManagerFactoryBean.buildNativeEntityManagerFactory(AbstractEntityManagerFactoryBean.java:409) ~[spring-orm-6.0.7.jar:6.0.7]
	at org.springframework.orm.jpa.AbstractEntityManagerFactoryBean.afterPropertiesSet(AbstractEntityManagerFactoryBean.java:396) ~[spring-orm-6.0.7.jar:6.0.7]
	at org.springframework.orm.jpa.LocalContainerEntityManagerFactoryBean.afterPropertiesSet(LocalContainerEntityManagerFactoryBean.java:352) ~[spring-orm-6.0.7.jar:6.0.7]
	at org.springframework.beans.factory.support.AbstractAutowireCapableBeanFactory.invokeInitMethods(AbstractAutowireCapableBeanFactory.java:1816) ~[spring-beans-6.0.7.jar:6.0.7]
	at org.springframework.beans.factory.support.AbstractAutowireCapableBeanFactory.initializeBean(AbstractAutowireCapableBeanFactory.java:1766) ~[spring-beans-6.0.7.jar:6.0.7]
	... 21 common frames omitted
Caused by: org.hibernate.boot.registry.selector.spi.StrategySelectionException: Unable to resolve name [org.hibernate.dialect.MySQL5InnoDBDialect] as strategy [org.hibernate.dialect.Dialect]
	at org.hibernate.boot.registry.selector.internal.StrategySelectorImpl.selectStrategyImplementor(StrategySelectorImpl.java:155) ~[hibernate-core-6.1.7.Final.jar:6.1.7.Final]
	at org.hibernate.boot.registry.selector.internal.StrategySelectorImpl.resolveStrategy(StrategySelectorImpl.java:237) ~[hibernate-core-6.1.7.Final.jar:6.1.7.Final]
	at org.hibernate.boot.registry.selector.internal.StrategySelectorImpl.resolveStrategy(StrategySelectorImpl.java:190) ~[hibernate-core-6.1.7.Final.jar:6.1.7.Final]
	at org.hibernate.engine.jdbc.dialect.internal.DialectFactoryImpl.constructDialect(DialectFactoryImpl.java:96) ~[hibernate-core-6.1.7.Final.jar:6.1.7.Final]
	at org.hibernate.engine.jdbc.dialect.internal.DialectFactoryImpl.buildDialect(DialectFactoryImpl.java:59) ~[hibernate-core-6.1.7.Final.jar:6.1.7.Final]
	at org.hibernate.engine.jdbc.env.internal.JdbcEnvironmentInitiator.initiateService(JdbcEnvironmentInitiator.java:244) ~[hibernate-core-6.1.7.Final.jar:6.1.7.Final]
	at org.hibernate.engine.jdbc.env.internal.JdbcEnvironmentInitiator.initiateService(JdbcEnvironmentInitiator.java:36) ~[hibernate-core-6.1.7.Final.jar:6.1.7.Final]
	at org.hibernate.boot.registry.internal.StandardServiceRegistryImpl.initiateService(StandardServiceRegistryImpl.java:119) ~[hibernate-core-6.1.7.Final.jar:6.1.7.Final]
	at org.hibernate.service.internal.AbstractServiceRegistryImpl.createService(AbstractServiceRegistryImpl.java:255) ~[hibernate-core-6.1.7.Final.jar:6.1.7.Final]
	... 36 common frames omitted
Caused by: org.hibernate.boot.registry.classloading.spi.ClassLoadingException: Unable to load class [org.hibernate.dialect.MySQL5InnoDBDialect]
	at org.hibernate.boot.registry.classloading.internal.ClassLoaderServiceImpl.classForName(ClassLoaderServiceImpl.java:123) ~[hibernate-core-6.1.7.Final.jar:6.1.7.Final]
	at org.hibernate.boot.registry.selector.internal.StrategySelectorImpl.selectStrategyImplementor(StrategySelectorImpl.java:151) ~[hibernate-core-6.1.7.Final.jar:6.1.7.Final]
	... 44 common frames omitted
Caused by: java.lang.ClassNotFoundException: Could not load requested class : org.hibernate.dialect.MySQL5InnoDBDialect
	at org.hibernate.boot.registry.classloading.internal.AggregatedClassLoader.findClass(AggregatedClassLoader.java:210) ~[hibernate-core-6.1.7.Final.jar:6.1.7.Final]
	at java.base/java.lang.ClassLoader.loadClass(ClassLoader.java:587) ~[na:na]
	at java.base/java.lang.ClassLoader.loadClass(ClassLoader.java:520) ~[na:na]
	at java.base/java.lang.Class.forName0(Native Method) ~[na:na]
	at java.base/java.lang.Class.forName(Class.java:467) ~[na:na]
	at org.hibernate.boot.registry.classloading.internal.ClassLoaderServiceImpl.classForName(ClassLoaderServiceImpl.java:120) ~[hibernate-core-6.1.7.Final.jar:6.1.7.Final]
	... 45 common frames omitted

2023-04-08T06:08:01.371-04:00  INFO 6332 --- [restartedMain] c.S.SpringBootCrudApplication            : Starting SpringBootCrudApplication using Java 17.0.6 with PID 6332 (/home/ususer/IdeaProjects/SpringBoot_CRUD/target/classes started by ususer in /home/ususer/IdeaProjects/SpringBoot_CRUD)
2023-04-08T06:08:01.374-04:00  INFO 6332 --- [restartedMain] c.S.SpringBootCrudApplication            : No active profile set, falling back to 1 default profile: "default"
2023-04-08T06:08:01.422-04:00  INFO 6332 --- [restartedMain] .e.DevToolsPropertyDefaultsPostProcessor : Devtools property defaults active! Set 'spring.devtools.add-properties' to 'false' to disable
2023-04-08T06:08:01.422-04:00  INFO 6332 --- [restartedMain] .e.DevToolsPropertyDefaultsPostProcessor : For additional web related logging consider setting the 'logging.level.web' property to 'DEBUG'
2023-04-08T06:08:02.040-04:00  INFO 6332 --- [restartedMain] .s.d.r.c.RepositoryConfigurationDelegate : Bootstrapping Spring Data JPA repositories in DEFAULT mode.
2023-04-08T06:08:02.058-04:00  INFO 6332 --- [restartedMain] .s.d.r.c.RepositoryConfigurationDelegate : Finished Spring Data repository scanning in 11 ms. Found 0 JPA repository interfaces.
2023-04-08T06:08:02.326-04:00  INFO 6332 --- [restartedMain] trationDelegate$BeanPostProcessorChecker : Bean 'org.springframework.ws.config.annotation.DelegatingWsConfiguration' of type [org.springframework.ws.config.annotation.DelegatingWsConfiguration$$SpringCGLIB$$0] is not eligible for getting processed by all BeanPostProcessors (for example: not eligible for auto-proxying)
2023-04-08T06:08:02.356-04:00  INFO 6332 --- [restartedMain] .w.s.a.s.AnnotationActionEndpointMapping : Supporting [WS-Addressing August 2004, WS-Addressing 1.0]
2023-04-08T06:08:02.622-04:00  INFO 6332 --- [restartedMain] o.s.b.w.embedded.tomcat.TomcatWebServer  : Tomcat initialized with port(s): 8888 (http)
2023-04-08T06:08:02.639-04:00  INFO 6332 --- [restartedMain] o.apache.catalina.core.StandardService   : Starting service [Tomcat]
2023-04-08T06:08:02.639-04:00  INFO 6332 --- [restartedMain] o.apache.catalina.core.StandardEngine    : Starting Servlet engine: [Apache Tomcat/10.1.7]
2023-04-08T06:08:02.680-04:00  INFO 6332 --- [restartedMain] o.a.c.c.C.[Tomcat].[localhost].[/]       : Initializing Spring embedded WebApplicationContext
2023-04-08T06:08:02.681-04:00  INFO 6332 --- [restartedMain] w.s.c.ServletWebServerApplicationContext : Root WebApplicationContext: initialization completed in 1258 ms
2023-04-08T06:08:02.799-04:00  INFO 6332 --- [restartedMain] o.hibernate.jpa.internal.util.LogHelper  : HHH000204: Processing PersistenceUnitInfo [name: default]
2023-04-08T06:08:02.837-04:00  INFO 6332 --- [restartedMain] org.hibernate.Version                    : HHH000412: Hibernate ORM core version 6.1.7.Final
2023-04-08T06:08:03.071-04:00  INFO 6332 --- [restartedMain] com.zaxxer.hikari.HikariDataSource       : HikariPool-1 - Starting...
2023-04-08T06:08:03.346-04:00  INFO 6332 --- [restartedMain] com.zaxxer.hikari.pool.HikariPool        : HikariPool-1 - Added connection com.mysql.cj.jdbc.ConnectionImpl@432d78bf
2023-04-08T06:08:03.348-04:00  INFO 6332 --- [restartedMain] com.zaxxer.hikari.HikariDataSource       : HikariPool-1 - Start completed.
2023-04-08T06:08:03.364-04:00  WARN 6332 --- [restartedMain] org.hibernate.dialect.Dialect            : HHH000511: The 5.0.0 version for [org.hibernate.dialect.MySQL5InnoDBDialect] is no longer supported, hence certain features may not work properly. The minimum supported version is 5.7.0. Check the community dialects project for available legacy versions.
2023-04-08T06:08:03.365-04:00  INFO 6332 --- [restartedMain] SQL dialect                              : HHH000400: Using dialect: org.hibernate.dialect.MySQL5InnoDBDialect
2023-04-08T06:08:03.366-04:00  WARN 6332 --- [restartedMain] org.hibernate.orm.deprecation            : HHH90000026: MySQL5InnoDBDialect has been deprecated
2023-04-08T06:08:04.076-04:00  INFO 6332 --- [restartedMain] o.h.e.t.j.p.i.JtaPlatformInitiator       : HHH000490: Using JtaPlatform implementation: [org.hibernate.engine.transaction.jta.platform.internal.NoJtaPlatform]
2023-04-08T06:08:04.083-04:00  INFO 6332 --- [restartedMain] j.LocalContainerEntityManagerFactoryBean : Initialized JPA EntityManagerFactory for persistence unit 'default'
2023-04-08T06:08:04.157-04:00  INFO 6332 --- [restartedMain] c.S.JPA_packages.service.UserServiceImp  : UserWebServiceImpl: Users created
2023-04-08T06:08:04.286-04:00  WARN 6332 --- [restartedMain] JpaBaseConfiguration$JpaWebConfiguration : spring.jpa.open-in-view is enabled by default. Therefore, database queries may be performed during view rendering. Explicitly configure spring.jpa.open-in-view to disable this warning
2023-04-08T06:08:04.438-04:00  INFO 6332 --- [restartedMain] o.s.b.a.w.s.WelcomePageHandlerMapping    : Adding welcome page template: index
2023-04-08T06:08:04.488-04:00  WARN 6332 --- [restartedMain] ConfigServletWebServerApplicationContext : Exception encountered during context initialization - cancelling refresh attempt: org.springframework.beans.factory.BeanCreationException: Error creating bean with name 'requestMappingHandlerMapping' defined in class path resource [org/springframework/boot/autoconfigure/web/servlet/WebMvcAutoConfiguration$EnableWebMvcConfiguration.class]: Ambiguous mapping. Cannot map 'usersController' method 
com.SpringBoot_CRUD.JPA_packages.controller.UsersController#printUsers(ModelMap, RedirectAttributes)
to {GET [/]}: There is already 'helloWorldController' bean method
com.SpringBoot_CRUD.JPA_packages.controller.HelloWorldController#helloWorld() mapped.
2023-04-08T06:08:04.490-04:00  INFO 6332 --- [restartedMain] j.LocalContainerEntityManagerFactoryBean : Closing JPA EntityManagerFactory for persistence unit 'default'
2023-04-08T06:08:04.494-04:00  INFO 6332 --- [restartedMain] com.zaxxer.hikari.HikariDataSource       : HikariPool-1 - Shutdown initiated...
2023-04-08T06:08:04.509-04:00  INFO 6332 --- [restartedMain] com.zaxxer.hikari.HikariDataSource       : HikariPool-1 - Shutdown completed.
2023-04-08T06:08:04.511-04:00  INFO 6332 --- [restartedMain] o.apache.catalina.core.StandardService   : Stopping service [Tomcat]
2023-04-08T06:08:04.526-04:00  INFO 6332 --- [restartedMain] .s.b.a.l.ConditionEvaluationReportLogger : 

Error starting ApplicationContext. To display the condition evaluation report re-run your application with 'debug' enabled.
2023-04-08T06:08:04.542-04:00 ERROR 6332 --- [restartedMain] o.s.boot.SpringApplication               : Application run failed

org.springframework.beans.factory.BeanCreationException: Error creating bean with name 'requestMappingHandlerMapping' defined in class path resource [org/springframework/boot/autoconfigure/web/servlet/WebMvcAutoConfiguration$EnableWebMvcConfiguration.class]: Ambiguous mapping. Cannot map 'usersController' method 
com.SpringBoot_CRUD.JPA_packages.controller.UsersController#printUsers(ModelMap, RedirectAttributes)
to {GET [/]}: There is already 'helloWorldController' bean method
com.SpringBoot_CRUD.JPA_packages.controller.HelloWorldController#helloWorld() mapped.
	at org.springframework.beans.factory.support.AbstractAutowireCapableBeanFactory.initializeBean(AbstractAutowireCapableBeanFactory.java:1770) ~[spring-beans-6.0.7.jar:6.0.7]
	at org.springframework.beans.factory.support.AbstractAutowireCapableBeanFactory.doCreateBean(AbstractAutowireCapableBeanFactory.java:598) ~[spring-beans-6.0.7.jar:6.0.7]
	at org.springframework.beans.factory.support.AbstractAutowireCapableBeanFactory.createBean(AbstractAutowireCapableBeanFactory.java:520) ~[spring-beans-6.0.7.jar:6.0.7]
	at org.springframework.beans.factory.support.AbstractBeanFactory.lambda$doGetBean$0(AbstractBeanFactory.java:326) ~[spring-beans-6.0.7.jar:6.0.7]
	at org.springframework.beans.factory.support.DefaultSingletonBeanRegistry.getSingleton(DefaultSingletonBeanRegistry.java:234) ~[spring-beans-6.0.7.jar:6.0.7]
	at org.springframework.beans.factory.support.AbstractBeanFactory.doGetBean(AbstractBeanFactory.java:324) ~[spring-beans-6.0.7.jar:6.0.7]
	at org.springframework.beans.factory.support.AbstractBeanFactory.getBean(AbstractBeanFactory.java:200) ~[spring-beans-6.0.7.jar:6.0.7]
	at org.springframework.beans.factory.support.DefaultListableBeanFactory.preInstantiateSingletons(DefaultListableBeanFactory.java:973) ~[spring-beans-6.0.7.jar:6.0.7]
	at org.springframework.context.support.AbstractApplicationContext.finishBeanFactoryInitialization(AbstractApplicationContext.java:917) ~[spring-context-6.0.7.jar:6.0.7]
	at org.springframework.context.support.AbstractApplicationContext.refresh(AbstractApplicationContext.java:584) ~[spring-context-6.0.7.jar:6.0.7]
	at org.springframework.boot.web.servlet.context.ServletWebServerApplicationContext.refresh(ServletWebServerApplicationContext.java:146) ~[spring-boot-3.0.5.jar:3.0.5]
	at org.springframework.boot.SpringApplication.refresh(SpringApplication.java:732) ~[spring-boot-3.0.5.jar:3.0.5]
	at org.springframework.boot.SpringApplication.refreshContext(SpringApplication.java:434) ~[spring-boot-3.0.5.jar:3.0.5]
	at org.springframework.boot.SpringApplication.run(SpringApplication.java:310) ~[spring-boot-3.0.5.jar:3.0.5]
	at org.springframework.boot.SpringApplication.run(SpringApplication.java:1304) ~[spring-boot-3.0.5.jar:3.0.5]
	at org.springframework.boot.SpringApplication.run(SpringApplication.java:1293) ~[spring-boot-3.0.5.jar:3.0.5]
	at com.SpringBoot_CRUD.SpringBootCrudApplication.main(SpringBootCrudApplication.java:10) ~[classes/:na]
	at java.base/jdk.internal.reflect.NativeMethodAccessorImpl.invoke0(Native Method) ~[na:na]
	at java.base/jdk.internal.reflect.NativeMethodAccessorImpl.invoke(NativeMethodAccessorImpl.java:77) ~[na:na]
	at java.base/jdk.internal.reflect.DelegatingMethodAccessorImpl.invoke(DelegatingMethodAccessorImpl.java:43) ~[na:na]
	at java.base/java.lang.reflect.Method.invoke(Method.java:568) ~[na:na]
	at org.springframework.boot.devtools.restart.RestartLauncher.run(RestartLauncher.java:49) ~[spring-boot-devtools-3.0.5.jar:3.0.5]
Caused by: java.lang.IllegalStateException: Ambiguous mapping. Cannot map 'usersController' method 
com.SpringBoot_CRUD.JPA_packages.controller.UsersController#printUsers(ModelMap, RedirectAttributes)
to {GET [/]}: There is already 'helloWorldController' bean method
com.SpringBoot_CRUD.JPA_packages.controller.HelloWorldController#helloWorld() mapped.
	at org.springframework.web.servlet.handler.AbstractHandlerMethodMapping$MappingRegistry.validateMethodMapping(AbstractHandlerMethodMapping.java:667) ~[spring-webmvc-6.0.7.jar:6.0.7]
	at org.springframework.web.servlet.handler.AbstractHandlerMethodMapping$MappingRegistry.register(AbstractHandlerMethodMapping.java:633) ~[spring-webmvc-6.0.7.jar:6.0.7]
	at org.springframework.web.servlet.handler.AbstractHandlerMethodMapping.registerHandlerMethod(AbstractHandlerMethodMapping.java:331) ~[spring-webmvc-6.0.7.jar:6.0.7]
	at org.springframework.web.servlet.mvc.method.annotation.RequestMappingHandlerMapping.registerHandlerMethod(RequestMappingHandlerMapping.java:438) ~[spring-webmvc-6.0.7.jar:6.0.7]
	at org.springframework.web.servlet.mvc.method.annotation.RequestMappingHandlerMapping.registerHandlerMethod(RequestMappingHandlerMapping.java:76) ~[spring-webmvc-6.0.7.jar:6.0.7]
	at org.springframework.web.servlet.handler.AbstractHandlerMethodMapping.lambda$detectHandlerMethods$2(AbstractHandlerMethodMapping.java:298) ~[spring-webmvc-6.0.7.jar:6.0.7]
	at java.base/java.util.LinkedHashMap.forEach(LinkedHashMap.java:721) ~[na:na]
	at org.springframework.web.servlet.handler.AbstractHandlerMethodMapping.detectHandlerMethods(AbstractHandlerMethodMapping.java:296) ~[spring-webmvc-6.0.7.jar:6.0.7]
	at org.springframework.web.servlet.handler.AbstractHandlerMethodMapping.processCandidateBean(AbstractHandlerMethodMapping.java:265) ~[spring-webmvc-6.0.7.jar:6.0.7]
	at org.springframework.web.servlet.handler.AbstractHandlerMethodMapping.initHandlerMethods(AbstractHandlerMethodMapping.java:224) ~[spring-webmvc-6.0.7.jar:6.0.7]
	at org.springframework.web.servlet.handler.AbstractHandlerMethodMapping.afterPropertiesSet(AbstractHandlerMethodMapping.java:212) ~[spring-webmvc-6.0.7.jar:6.0.7]
	at org.springframework.web.servlet.mvc.method.annotation.RequestMappingHandlerMapping.afterPropertiesSet(RequestMappingHandlerMapping.java:225) ~[spring-webmvc-6.0.7.jar:6.0.7]
	at org.springframework.beans.factory.support.AbstractAutowireCapableBeanFactory.invokeInitMethods(AbstractAutowireCapableBeanFactory.java:1816) ~[spring-beans-6.0.7.jar:6.0.7]
	at org.springframework.beans.factory.support.AbstractAutowireCapableBeanFactory.initializeBean(AbstractAutowireCapableBeanFactory.java:1766) ~[spring-beans-6.0.7.jar:6.0.7]
	... 21 common frames omitted

2023-04-08T06:08:52.444-04:00  INFO 6536 --- [restartedMain] c.S.SpringBootCrudApplication            : Starting SpringBootCrudApplication using Java 17.0.6 with PID 6536 (/home/ususer/IdeaProjects/SpringBoot_CRUD/target/classes started by ususer in /home/ususer/IdeaProjects/SpringBoot_CRUD)
2023-04-08T06:08:52.460-04:00  INFO 6536 --- [restartedMain] c.S.SpringBootCrudApplication            : No active profile set, falling back to 1 default profile: "default"
2023-04-08T06:08:52.500-04:00  INFO 6536 --- [restartedMain] .e.DevToolsPropertyDefaultsPostProcessor : Devtools property defaults active! Set 'spring.devtools.add-properties' to 'false' to disable
2023-04-08T06:08:52.501-04:00  INFO 6536 --- [restartedMain] .e.DevToolsPropertyDefaultsPostProcessor : For additional web related logging consider setting the 'logging.level.web' property to 'DEBUG'
2023-04-08T06:08:53.105-04:00  INFO 6536 --- [restartedMain] .s.d.r.c.RepositoryConfigurationDelegate : Bootstrapping Spring Data JPA repositories in DEFAULT mode.
2023-04-08T06:08:53.124-04:00  INFO 6536 --- [restartedMain] .s.d.r.c.RepositoryConfigurationDelegate : Finished Spring Data repository scanning in 13 ms. Found 0 JPA repository interfaces.
2023-04-08T06:08:53.352-04:00  INFO 6536 --- [restartedMain] trationDelegate$BeanPostProcessorChecker : Bean 'org.springframework.ws.config.annotation.DelegatingWsConfiguration' of type [org.springframework.ws.config.annotation.DelegatingWsConfiguration$$SpringCGLIB$$0] is not eligible for getting processed by all BeanPostProcessors (for example: not eligible for auto-proxying)
2023-04-08T06:08:53.380-04:00  INFO 6536 --- [restartedMain] .w.s.a.s.AnnotationActionEndpointMapping : Supporting [WS-Addressing August 2004, WS-Addressing 1.0]
2023-04-08T06:08:53.623-04:00  INFO 6536 --- [restartedMain] o.s.b.w.embedded.tomcat.TomcatWebServer  : Tomcat initialized with port(s): 8888 (http)
2023-04-08T06:08:53.638-04:00  INFO 6536 --- [restartedMain] o.apache.catalina.core.StandardService   : Starting service [Tomcat]
2023-04-08T06:08:53.639-04:00  INFO 6536 --- [restartedMain] o.apache.catalina.core.StandardEngine    : Starting Servlet engine: [Apache Tomcat/10.1.7]
2023-04-08T06:08:53.681-04:00  INFO 6536 --- [restartedMain] o.a.c.c.C.[Tomcat].[localhost].[/]       : Initializing Spring embedded WebApplicationContext
2023-04-08T06:08:53.681-04:00  INFO 6536 --- [restartedMain] w.s.c.ServletWebServerApplicationContext : Root WebApplicationContext: initialization completed in 1179 ms
2023-04-08T06:08:53.805-04:00  INFO 6536 --- [restartedMain] o.hibernate.jpa.internal.util.LogHelper  : HHH000204: Processing PersistenceUnitInfo [name: default]
2023-04-08T06:08:53.847-04:00  INFO 6536 --- [restartedMain] org.hibernate.Version                    : HHH000412: Hibernate ORM core version 6.1.7.Final
2023-04-08T06:08:54.060-04:00  INFO 6536 --- [restartedMain] com.zaxxer.hikari.HikariDataSource       : HikariPool-1 - Starting...
2023-04-08T06:08:54.302-04:00  INFO 6536 --- [restartedMain] com.zaxxer.hikari.pool.HikariPool        : HikariPool-1 - Added connection com.mysql.cj.jdbc.ConnectionImpl@12051b3c
2023-04-08T06:08:54.304-04:00  INFO 6536 --- [restartedMain] com.zaxxer.hikari.HikariDataSource       : HikariPool-1 - Start completed.
2023-04-08T06:08:54.319-04:00  WARN 6536 --- [restartedMain] org.hibernate.dialect.Dialect            : HHH000511: The 5.0.0 version for [org.hibernate.dialect.MySQL5InnoDBDialect] is no longer supported, hence certain features may not work properly. The minimum supported version is 5.7.0. Check the community dialects project for available legacy versions.
2023-04-08T06:08:54.321-04:00  INFO 6536 --- [restartedMain] SQL dialect                              : HHH000400: Using dialect: org.hibernate.dialect.MySQL5InnoDBDialect
2023-04-08T06:08:54.322-04:00  WARN 6536 --- [restartedMain] org.hibernate.orm.deprecation            : HHH90000026: MySQL5InnoDBDialect has been deprecated
2023-04-08T06:08:55.086-04:00  INFO 6536 --- [restartedMain] o.h.e.t.j.p.i.JtaPlatformInitiator       : HHH000490: Using JtaPlatform implementation: [org.hibernate.engine.transaction.jta.platform.internal.NoJtaPlatform]
2023-04-08T06:08:55.097-04:00  INFO 6536 --- [restartedMain] j.LocalContainerEntityManagerFactoryBean : Initialized JPA EntityManagerFactory for persistence unit 'default'
2023-04-08T06:08:55.175-04:00  INFO 6536 --- [restartedMain] c.S.JPA_packages.service.UserServiceImp  : UserWebServiceImpl: Users created
2023-04-08T06:08:55.288-04:00  WARN 6536 --- [restartedMain] JpaBaseConfiguration$JpaWebConfiguration : spring.jpa.open-in-view is enabled by default. Therefore, database queries may be performed during view rendering. Explicitly configure spring.jpa.open-in-view to disable this warning
2023-04-08T06:08:55.429-04:00  INFO 6536 --- [restartedMain] o.s.b.a.w.s.WelcomePageHandlerMapping    : Adding welcome page template: index
2023-04-08T06:08:55.614-04:00  INFO 6536 --- [restartedMain] o.s.b.d.a.OptionalLiveReloadServer       : LiveReload server is running on port 35729
2023-04-08T06:08:55.643-04:00  INFO 6536 --- [restartedMain] o.s.b.w.embedded.tomcat.TomcatWebServer  : Tomcat started on port(s): 8888 (http) with context path ''
2023-04-08T06:08:55.652-04:00  INFO 6536 --- [restartedMain] c.S.SpringBootCrudApplication            : Started SpringBootCrudApplication in 3.624 seconds (process running for 4.225)
2023-04-08T06:09:23.165-04:00  INFO 6536 --- [http-nio-8888-exec-1] o.a.c.c.C.[Tomcat].[localhost].[/]       : Initializing Spring DispatcherServlet 'dispatcherServlet'
2023-04-08T06:09:23.166-04:00  INFO 6536 --- [http-nio-8888-exec-1] o.s.web.servlet.DispatcherServlet        : Initializing Servlet 'dispatcherServlet'
2023-04-08T06:09:23.167-04:00  INFO 6536 --- [http-nio-8888-exec-1] o.s.web.servlet.DispatcherServlet        : Completed initialization in 1 ms
2023-04-08T06:09:23.199-04:00  INFO 6536 --- [http-nio-8888-exec-1] c.S.JPA_packages.service.UserServiceImp  : UserWebServiceImpl: Users selected
2023-04-08T06:09:23.386-04:00  INFO 6536 --- [http-nio-8888-exec-1] c.S.J.controller.UsersController         : UsersController: Users printed
2023-04-08T06:09:37.569-04:00  INFO 6536 --- [http-nio-8888-exec-3] c.S.J.controller.UsersController         : UsersController: UsersController: User removing process started
2023-04-08T06:09:37.578-04:00  INFO 6536 --- [http-nio-8888-exec-3] c.S.JPA_packages.DAO.UserDaoImp          : UserDao: User is null
2023-04-08T06:09:37.580-04:00  INFO 6536 --- [http-nio-8888-exec-3] c.S.J.controller.UsersController         : UsersController: UsersController: IllegalArgumentException thrown
2023-04-08T06:09:50.735-04:00  INFO 6536 --- [http-nio-8888-exec-4] c.S.JPA_packages.service.UserServiceImp  : UserWebServiceImpl: Users selected
2023-04-08T06:09:50.740-04:00  INFO 6536 --- [http-nio-8888-exec-4] c.S.J.controller.UsersController         : UsersController: Users printed
2023-04-08T06:09:55.655-04:00  INFO 6536 --- [http-nio-8888-exec-6] c.S.J.controller.UsersController         : UsersController: Data start fetched
2023-04-08T06:09:55.655-04:00  INFO 6536 --- [http-nio-8888-exec-6] c.S.J.controller.UsersController         : UsersController: Request body: com.SpringBoot_CRUD.JPA_packages.model.User@978b4776
2023-04-08T06:09:55.655-04:00  INFO 6536 --- [http-nio-8888-exec-6] c.S.J.controller.UsersController         : 1
2023-04-08T06:09:55.655-04:00  INFO 6536 --- [http-nio-8888-exec-6] c.S.J.controller.UsersController         : Andre1
2023-04-08T06:09:55.655-04:00  INFO 6536 --- [http-nio-8888-exec-6] c.S.J.controller.UsersController         : Matias
2023-04-08T06:09:55.656-04:00  INFO 6536 --- [http-nio-8888-exec-6] c.S.J.controller.UsersController         : andreMatias@gmail.com
2023-04-08T06:09:55.656-04:00  INFO 6536 --- [http-nio-8888-exec-6] c.S.JPA_packages.service.UserServiceImp  : userService start processing data
2023-04-08T06:09:55.676-04:00  INFO 6536 --- [http-nio-8888-exec-6] c.S.JPA_packages.service.UserServiceImp  : userService finished processing data
2023-04-08T06:09:55.676-04:00  INFO 6536 --- [http-nio-8888-exec-6] c.S.J.controller.UsersController         : UsersController: Data fetched
2023-04-08T06:09:55.682-04:00  INFO 6536 --- [http-nio-8888-exec-7] c.S.JPA_packages.service.UserServiceImp  : UserWebServiceImpl: Users selected
2023-04-08T06:09:55.684-04:00  INFO 6536 --- [http-nio-8888-exec-7] c.S.J.controller.UsersController         : UsersController: Users printed
2023-04-08T06:09:55.700-04:00  INFO 6536 --- [http-nio-8888-exec-8] c.S.JPA_packages.service.UserServiceImp  : UserWebServiceImpl: Users selected
2023-04-08T06:09:55.703-04:00  INFO 6536 --- [http-nio-8888-exec-8] c.S.J.controller.UsersController         : UsersController: Users printed
2023-04-08T06:09:57.901-04:00  INFO 6536 --- [http-nio-8888-exec-10] c.S.J.controller.UsersController         : UsersController: UsersController: User removing process started
2023-04-08T06:09:57.926-04:00  INFO 6536 --- [http-nio-8888-exec-1] c.S.JPA_packages.service.UserServiceImp  : UserWebServiceImpl: Users selected
2023-04-08T06:09:57.928-04:00  INFO 6536 --- [http-nio-8888-exec-1] c.S.J.controller.UsersController         : UsersController: Users printed
2023-04-08T06:10:02.051-04:00  INFO 6536 --- [http-nio-8888-exec-3] c.S.J.controller.UsersController         : 1
2023-04-08T06:10:02.052-04:00  INFO 6536 --- [http-nio-8888-exec-3] c.S.J.controller.UsersController         : 2
2023-04-08T06:10:02.052-04:00  INFO 6536 --- [http-nio-8888-exec-3] c.S.J.controller.UsersController         : 3
2023-04-08T06:10:02.077-04:00  INFO 6536 --- [http-nio-8888-exec-4] c.S.JPA_packages.service.UserServiceImp  : UserWebServiceImpl: Users selected
2023-04-08T06:10:02.079-04:00  INFO 6536 --- [http-nio-8888-exec-4] c.S.J.controller.UsersController         : UsersController: Users printed
2023-04-08T06:10:10.405-04:00  INFO 6536 --- [http-nio-8888-exec-6] c.S.J.controller.UsersController         : UsersController: UsersController: User removing process started
2023-04-08T06:10:10.407-04:00  INFO 6536 --- [http-nio-8888-exec-6] c.S.JPA_packages.DAO.UserDaoImp          : UserDao: User is null
2023-04-08T06:10:10.408-04:00  INFO 6536 --- [http-nio-8888-exec-6] c.S.J.controller.UsersController         : UsersController: UsersController: IllegalArgumentException thrown
2023-04-08T06:10:10.415-04:00  INFO 6536 --- [http-nio-8888-exec-7] c.S.JPA_packages.service.UserServiceImp  : UserWebServiceImpl: Users selected
2023-04-08T06:10:10.417-04:00  INFO 6536 --- [http-nio-8888-exec-7] c.S.J.controller.UsersController         : UsersController: Users printed
2023-04-08T06:13:54.884-04:00  INFO 7408 --- [restartedMain] c.S.SpringBootCrudApplication            : Starting SpringBootCrudApplication using Java 17.0.6 with PID 7408 (/home/ususer/IdeaProjects/SpringBoot_CRUD/target/classes started by ususer in /home/ususer/IdeaProjects/SpringBoot_CRUD)
2023-04-08T06:13:54.888-04:00  INFO 7408 --- [restartedMain] c.S.SpringBootCrudApplication            : No active profile set, falling back to 1 default profile: "default"
2023-04-08T06:13:54.949-04:00  INFO 7408 --- [restartedMain] .e.DevToolsPropertyDefaultsPostProcessor : Devtools property defaults active! Set 'spring.devtools.add-properties' to 'false' to disable
2023-04-08T06:13:54.950-04:00  INFO 7408 --- [restartedMain] .e.DevToolsPropertyDefaultsPostProcessor : For additional web related logging consider setting the 'logging.level.web' property to 'DEBUG'
2023-04-08T06:13:55.485-04:00  INFO 7408 --- [restartedMain] .s.d.r.c.RepositoryConfigurationDelegate : Bootstrapping Spring Data JPA repositories in DEFAULT mode.
2023-04-08T06:13:55.502-04:00  INFO 7408 --- [restartedMain] .s.d.r.c.RepositoryConfigurationDelegate : Finished Spring Data repository scanning in 10 ms. Found 0 JPA repository interfaces.
2023-04-08T06:13:55.728-04:00  INFO 7408 --- [restartedMain] trationDelegate$BeanPostProcessorChecker : Bean 'org.springframework.ws.config.annotation.DelegatingWsConfiguration' of type [org.springframework.ws.config.annotation.DelegatingWsConfiguration$$SpringCGLIB$$0] is not eligible for getting processed by all BeanPostProcessors (for example: not eligible for auto-proxying)
2023-04-08T06:13:55.756-04:00  INFO 7408 --- [restartedMain] .w.s.a.s.AnnotationActionEndpointMapping : Supporting [WS-Addressing August 2004, WS-Addressing 1.0]
2023-04-08T06:13:56.000-04:00  INFO 7408 --- [restartedMain] o.s.b.w.embedded.tomcat.TomcatWebServer  : Tomcat initialized with port(s): 8888 (http)
2023-04-08T06:13:56.008-04:00  INFO 7408 --- [restartedMain] o.apache.catalina.core.StandardService   : Starting service [Tomcat]
2023-04-08T06:13:56.009-04:00  INFO 7408 --- [restartedMain] o.apache.catalina.core.StandardEngine    : Starting Servlet engine: [Apache Tomcat/10.1.7]
2023-04-08T06:13:56.053-04:00  INFO 7408 --- [restartedMain] o.a.c.c.C.[Tomcat].[localhost].[/]       : Initializing Spring embedded WebApplicationContext
2023-04-08T06:13:56.053-04:00  INFO 7408 --- [restartedMain] w.s.c.ServletWebServerApplicationContext : Root WebApplicationContext: initialization completed in 1102 ms
2023-04-08T06:13:56.190-04:00  INFO 7408 --- [restartedMain] o.hibernate.jpa.internal.util.LogHelper  : HHH000204: Processing PersistenceUnitInfo [name: default]
2023-04-08T06:13:56.228-04:00  INFO 7408 --- [restartedMain] org.hibernate.Version                    : HHH000412: Hibernate ORM core version 6.1.7.Final
2023-04-08T06:13:56.433-04:00  INFO 7408 --- [restartedMain] com.zaxxer.hikari.HikariDataSource       : HikariPool-1 - Starting...
2023-04-08T06:13:56.677-04:00  INFO 7408 --- [restartedMain] com.zaxxer.hikari.pool.HikariPool        : HikariPool-1 - Added connection com.mysql.cj.jdbc.ConnectionImpl@4b14c1c
2023-04-08T06:13:56.679-04:00  INFO 7408 --- [restartedMain] com.zaxxer.hikari.HikariDataSource       : HikariPool-1 - Start completed.
2023-04-08T06:13:56.695-04:00  WARN 7408 --- [restartedMain] org.hibernate.dialect.Dialect            : HHH000511: The 5.0.0 version for [org.hibernate.dialect.MySQL5InnoDBDialect] is no longer supported, hence certain features may not work properly. The minimum supported version is 5.7.0. Check the community dialects project for available legacy versions.
2023-04-08T06:13:56.696-04:00  INFO 7408 --- [restartedMain] SQL dialect                              : HHH000400: Using dialect: org.hibernate.dialect.MySQL5InnoDBDialect
2023-04-08T06:13:56.698-04:00  WARN 7408 --- [restartedMain] org.hibernate.orm.deprecation            : HHH90000026: MySQL5InnoDBDialect has been deprecated
2023-04-08T06:13:57.521-04:00  INFO 7408 --- [restartedMain] o.h.e.t.j.p.i.JtaPlatformInitiator       : HHH000490: Using JtaPlatform implementation: [org.hibernate.engine.transaction.jta.platform.internal.NoJtaPlatform]
2023-04-08T06:13:57.528-04:00  INFO 7408 --- [restartedMain] j.LocalContainerEntityManagerFactoryBean : Initialized JPA EntityManagerFactory for persistence unit 'default'
2023-04-08T06:13:57.598-04:00  INFO 7408 --- [restartedMain] c.S.JPA_packages.service.UserServiceImp  : UserWebServiceImpl: Users created
2023-04-08T06:13:57.707-04:00  WARN 7408 --- [restartedMain] JpaBaseConfiguration$JpaWebConfiguration : spring.jpa.open-in-view is enabled by default. Therefore, database queries may be performed during view rendering. Explicitly configure spring.jpa.open-in-view to disable this warning
2023-04-08T06:13:57.831-04:00  INFO 7408 --- [restartedMain] o.s.b.a.w.s.WelcomePageHandlerMapping    : Adding welcome page template: index
2023-04-08T06:13:58.012-04:00  INFO 7408 --- [restartedMain] o.s.b.d.a.OptionalLiveReloadServer       : LiveReload server is running on port 35729
2023-04-08T06:13:58.042-04:00  INFO 7408 --- [restartedMain] o.s.b.w.embedded.tomcat.TomcatWebServer  : Tomcat started on port(s): 8888 (http) with context path ''
2023-04-08T06:13:58.052-04:00  INFO 7408 --- [restartedMain] c.S.SpringBootCrudApplication            : Started SpringBootCrudApplication in 3.574 seconds (process running for 4.213)
2023-04-08T06:14:12.323-04:00  INFO 7408 --- [http-nio-8888-exec-1] o.a.c.c.C.[Tomcat].[localhost].[/]       : Initializing Spring DispatcherServlet 'dispatcherServlet'
2023-04-08T06:14:12.323-04:00  INFO 7408 --- [http-nio-8888-exec-1] o.s.web.servlet.DispatcherServlet        : Initializing Servlet 'dispatcherServlet'
2023-04-08T06:14:12.325-04:00  INFO 7408 --- [http-nio-8888-exec-1] o.s.web.servlet.DispatcherServlet        : Completed initialization in 2 ms
2023-04-08T06:14:12.357-04:00  INFO 7408 --- [http-nio-8888-exec-1] c.S.JPA_packages.service.UserServiceImp  : UserWebServiceImpl: Users selected
2023-04-08T06:14:12.548-04:00  INFO 7408 --- [http-nio-8888-exec-1] c.S.J.controller.UsersController         : UsersController: Users printed
2023-04-08T06:17:03.734-04:00  INFO 7408 --- [SpringApplicationShutdownHook] j.LocalContainerEntityManagerFactoryBean : Closing JPA EntityManagerFactory for persistence unit 'default'
2023-04-08T06:17:03.739-04:00  INFO 7408 --- [SpringApplicationShutdownHook] com.zaxxer.hikari.HikariDataSource       : HikariPool-1 - Shutdown initiated...
2023-04-08T06:17:03.748-04:00  INFO 7408 --- [SpringApplicationShutdownHook] com.zaxxer.hikari.HikariDataSource       : HikariPool-1 - Shutdown completed.
2023-04-08T06:17:07.699-04:00  INFO 7933 --- [restartedMain] c.S.SpringBootCrudApplication            : Starting SpringBootCrudApplication using Java 17.0.6 with PID 7933 (/home/ususer/IdeaProjects/SpringBoot_CRUD/target/classes started by ususer in /home/ususer/IdeaProjects/SpringBoot_CRUD)
2023-04-08T06:17:07.702-04:00  INFO 7933 --- [restartedMain] c.S.SpringBootCrudApplication            : No active profile set, falling back to 1 default profile: "default"
2023-04-08T06:17:07.781-04:00  INFO 7933 --- [restartedMain] .e.DevToolsPropertyDefaultsPostProcessor : Devtools property defaults active! Set 'spring.devtools.add-properties' to 'false' to disable
2023-04-08T06:17:07.782-04:00  INFO 7933 --- [restartedMain] .e.DevToolsPropertyDefaultsPostProcessor : For additional web related logging consider setting the 'logging.level.web' property to 'DEBUG'
2023-04-08T06:17:08.306-04:00  INFO 7933 --- [restartedMain] .s.d.r.c.RepositoryConfigurationDelegate : Bootstrapping Spring Data JPA repositories in DEFAULT mode.
2023-04-08T06:17:08.323-04:00  INFO 7933 --- [restartedMain] .s.d.r.c.RepositoryConfigurationDelegate : Finished Spring Data repository scanning in 11 ms. Found 0 JPA repository interfaces.
2023-04-08T06:17:08.548-04:00  INFO 7933 --- [restartedMain] trationDelegate$BeanPostProcessorChecker : Bean 'org.springframework.ws.config.annotation.DelegatingWsConfiguration' of type [org.springframework.ws.config.annotation.DelegatingWsConfiguration$$SpringCGLIB$$0] is not eligible for getting processed by all BeanPostProcessors (for example: not eligible for auto-proxying)
2023-04-08T06:17:08.577-04:00  INFO 7933 --- [restartedMain] .w.s.a.s.AnnotationActionEndpointMapping : Supporting [WS-Addressing August 2004, WS-Addressing 1.0]
2023-04-08T06:17:08.819-04:00  INFO 7933 --- [restartedMain] o.s.b.w.embedded.tomcat.TomcatWebServer  : Tomcat initialized with port(s): 8888 (http)
2023-04-08T06:17:08.827-04:00  INFO 7933 --- [restartedMain] o.apache.catalina.core.StandardService   : Starting service [Tomcat]
2023-04-08T06:17:08.828-04:00  INFO 7933 --- [restartedMain] o.apache.catalina.core.StandardEngine    : Starting Servlet engine: [Apache Tomcat/10.1.7]
2023-04-08T06:17:08.882-04:00  INFO 7933 --- [restartedMain] o.a.c.c.C.[Tomcat].[localhost].[/]       : Initializing Spring embedded WebApplicationContext
2023-04-08T06:17:08.882-04:00  INFO 7933 --- [restartedMain] w.s.c.ServletWebServerApplicationContext : Root WebApplicationContext: initialization completed in 1100 ms
2023-04-08T06:17:09.003-04:00  INFO 7933 --- [restartedMain] o.hibernate.jpa.internal.util.LogHelper  : HHH000204: Processing PersistenceUnitInfo [name: default]
2023-04-08T06:17:09.040-04:00  INFO 7933 --- [restartedMain] org.hibernate.Version                    : HHH000412: Hibernate ORM core version 6.1.7.Final
2023-04-08T06:17:09.250-04:00  INFO 7933 --- [restartedMain] com.zaxxer.hikari.HikariDataSource       : HikariPool-1 - Starting...
2023-04-08T06:17:09.486-04:00  INFO 7933 --- [restartedMain] com.zaxxer.hikari.pool.HikariPool        : HikariPool-1 - Added connection com.mysql.cj.jdbc.ConnectionImpl@bf5d2fe
2023-04-08T06:17:09.488-04:00  INFO 7933 --- [restartedMain] com.zaxxer.hikari.HikariDataSource       : HikariPool-1 - Start completed.
2023-04-08T06:17:09.502-04:00  INFO 7933 --- [restartedMain] SQL dialect                              : HHH000400: Using dialect: org.hibernate.dialect.MySQL8Dialect
2023-04-08T06:17:09.503-04:00  WARN 7933 --- [restartedMain] org.hibernate.orm.deprecation            : HHH90000026: MySQL8Dialect has been deprecated; use org.hibernate.dialect.MySQLDialect instead
2023-04-08T06:17:10.248-04:00  INFO 7933 --- [restartedMain] o.h.e.t.j.p.i.JtaPlatformInitiator       : HHH000490: Using JtaPlatform implementation: [org.hibernate.engine.transaction.jta.platform.internal.NoJtaPlatform]
2023-04-08T06:17:10.257-04:00  INFO 7933 --- [restartedMain] j.LocalContainerEntityManagerFactoryBean : Initialized JPA EntityManagerFactory for persistence unit 'default'
2023-04-08T06:17:10.334-04:00  INFO 7933 --- [restartedMain] c.S.JPA_packages.service.UserServiceImp  : UserWebServiceImpl: Users created
2023-04-08T06:17:10.464-04:00  WARN 7933 --- [restartedMain] JpaBaseConfiguration$JpaWebConfiguration : spring.jpa.open-in-view is enabled by default. Therefore, database queries may be performed during view rendering. Explicitly configure spring.jpa.open-in-view to disable this warning
2023-04-08T06:17:10.595-04:00  INFO 7933 --- [restartedMain] o.s.b.a.w.s.WelcomePageHandlerMapping    : Adding welcome page template: index
2023-04-08T06:17:10.779-04:00  INFO 7933 --- [restartedMain] o.s.b.d.a.OptionalLiveReloadServer       : LiveReload server is running on port 35729
2023-04-08T06:17:10.812-04:00  INFO 7933 --- [restartedMain] o.s.b.w.embedded.tomcat.TomcatWebServer  : Tomcat started on port(s): 8888 (http) with context path ''
2023-04-08T06:17:10.821-04:00  INFO 7933 --- [restartedMain] c.S.SpringBootCrudApplication            : Started SpringBootCrudApplication in 3.526 seconds (process running for 4.168)
2023-04-08T06:17:45.156-04:00  INFO 7933 --- [SpringApplicationShutdownHook] j.LocalContainerEntityManagerFactoryBean : Closing JPA EntityManagerFactory for persistence unit 'default'
2023-04-08T06:17:45.159-04:00  INFO 7933 --- [SpringApplicationShutdownHook] com.zaxxer.hikari.HikariDataSource       : HikariPool-1 - Shutdown initiated...
2023-04-08T06:17:45.165-04:00  INFO 7933 --- [SpringApplicationShutdownHook] com.zaxxer.hikari.HikariDataSource       : HikariPool-1 - Shutdown completed.
2023-04-08T06:17:47.586-04:00  INFO 8134 --- [restartedMain] c.S.SpringBootCrudApplication            : Starting SpringBootCrudApplication using Java 17.0.6 with PID 8134 (/home/ususer/IdeaProjects/SpringBoot_CRUD/target/classes started by ususer in /home/ususer/IdeaProjects/SpringBoot_CRUD)
2023-04-08T06:17:47.589-04:00  INFO 8134 --- [restartedMain] c.S.SpringBootCrudApplication            : No active profile set, falling back to 1 default profile: "default"
2023-04-08T06:17:47.638-04:00  INFO 8134 --- [restartedMain] .e.DevToolsPropertyDefaultsPostProcessor : Devtools property defaults active! Set 'spring.devtools.add-properties' to 'false' to disable
2023-04-08T06:17:47.638-04:00  INFO 8134 --- [restartedMain] .e.DevToolsPropertyDefaultsPostProcessor : For additional web related logging consider setting the 'logging.level.web' property to 'DEBUG'
2023-04-08T06:17:48.221-04:00  INFO 8134 --- [restartedMain] .s.d.r.c.RepositoryConfigurationDelegate : Bootstrapping Spring Data JPA repositories in DEFAULT mode.
2023-04-08T06:17:48.238-04:00  INFO 8134 --- [restartedMain] .s.d.r.c.RepositoryConfigurationDelegate : Finished Spring Data repository scanning in 11 ms. Found 0 JPA repository interfaces.
2023-04-08T06:17:48.475-04:00  INFO 8134 --- [restartedMain] trationDelegate$BeanPostProcessorChecker : Bean 'org.springframework.ws.config.annotation.DelegatingWsConfiguration' of type [org.springframework.ws.config.annotation.DelegatingWsConfiguration$$SpringCGLIB$$0] is not eligible for getting processed by all BeanPostProcessors (for example: not eligible for auto-proxying)
2023-04-08T06:17:48.504-04:00  INFO 8134 --- [restartedMain] .w.s.a.s.AnnotationActionEndpointMapping : Supporting [WS-Addressing August 2004, WS-Addressing 1.0]
2023-04-08T06:17:48.751-04:00  INFO 8134 --- [restartedMain] o.s.b.w.embedded.tomcat.TomcatWebServer  : Tomcat initialized with port(s): 8888 (http)
2023-04-08T06:17:48.758-04:00  INFO 8134 --- [restartedMain] o.apache.catalina.core.StandardService   : Starting service [Tomcat]
2023-04-08T06:17:48.758-04:00  INFO 8134 --- [restartedMain] o.apache.catalina.core.StandardEngine    : Starting Servlet engine: [Apache Tomcat/10.1.7]
2023-04-08T06:17:48.803-04:00  INFO 8134 --- [restartedMain] o.a.c.c.C.[Tomcat].[localhost].[/]       : Initializing Spring embedded WebApplicationContext
2023-04-08T06:17:48.803-04:00  INFO 8134 --- [restartedMain] w.s.c.ServletWebServerApplicationContext : Root WebApplicationContext: initialization completed in 1164 ms
2023-04-08T06:17:48.927-04:00  INFO 8134 --- [restartedMain] o.hibernate.jpa.internal.util.LogHelper  : HHH000204: Processing PersistenceUnitInfo [name: default]
2023-04-08T06:17:48.965-04:00  INFO 8134 --- [restartedMain] org.hibernate.Version                    : HHH000412: Hibernate ORM core version 6.1.7.Final
2023-04-08T06:17:49.174-04:00  INFO 8134 --- [restartedMain] com.zaxxer.hikari.HikariDataSource       : HikariPool-1 - Starting...
2023-04-08T06:17:49.432-04:00  INFO 8134 --- [restartedMain] com.zaxxer.hikari.pool.HikariPool        : HikariPool-1 - Added connection com.mysql.cj.jdbc.ConnectionImpl@580cd683
2023-04-08T06:17:49.434-04:00  INFO 8134 --- [restartedMain] com.zaxxer.hikari.HikariDataSource       : HikariPool-1 - Start completed.
2023-04-08T06:17:49.476-04:00  INFO 8134 --- [restartedMain] SQL dialect                              : HHH000400: Using dialect: org.hibernate.dialect.MySQLDialect
2023-04-08T06:17:50.216-04:00  INFO 8134 --- [restartedMain] o.h.e.t.j.p.i.JtaPlatformInitiator       : HHH000490: Using JtaPlatform implementation: [org.hibernate.engine.transaction.jta.platform.internal.NoJtaPlatform]
2023-04-08T06:17:50.224-04:00  INFO 8134 --- [restartedMain] j.LocalContainerEntityManagerFactoryBean : Initialized JPA EntityManagerFactory for persistence unit 'default'
2023-04-08T06:17:50.300-04:00  INFO 8134 --- [restartedMain] c.S.JPA_packages.service.UserServiceImp  : UserWebServiceImpl: Users created
2023-04-08T06:17:50.402-04:00  WARN 8134 --- [restartedMain] JpaBaseConfiguration$JpaWebConfiguration : spring.jpa.open-in-view is enabled by default. Therefore, database queries may be performed during view rendering. Explicitly configure spring.jpa.open-in-view to disable this warning
2023-04-08T06:17:50.531-04:00  INFO 8134 --- [restartedMain] o.s.b.a.w.s.WelcomePageHandlerMapping    : Adding welcome page template: index
2023-04-08T06:17:50.718-04:00  INFO 8134 --- [restartedMain] o.s.b.d.a.OptionalLiveReloadServer       : LiveReload server is running on port 35729
2023-04-08T06:17:50.750-04:00  INFO 8134 --- [restartedMain] o.s.b.w.embedded.tomcat.TomcatWebServer  : Tomcat started on port(s): 8888 (http) with context path ''
2023-04-08T06:17:50.760-04:00  INFO 8134 --- [restartedMain] c.S.SpringBootCrudApplication            : Started SpringBootCrudApplication in 3.607 seconds (process running for 4.238)
2023-04-08T06:18:51.913-04:00  INFO 8134 --- [SpringApplicationShutdownHook] j.LocalContainerEntityManagerFactoryBean : Closing JPA EntityManagerFactory for persistence unit 'default'
2023-04-08T06:18:51.915-04:00  INFO 8134 --- [SpringApplicationShutdownHook] com.zaxxer.hikari.HikariDataSource       : HikariPool-1 - Shutdown initiated...
2023-04-08T06:18:51.921-04:00  INFO 8134 --- [SpringApplicationShutdownHook] com.zaxxer.hikari.HikariDataSource       : HikariPool-1 - Shutdown completed.
2023-04-08T06:18:54.354-04:00  INFO 8385 --- [restartedMain] c.S.SpringBootCrudApplication            : Starting SpringBootCrudApplication using Java 17.0.6 with PID 8385 (/home/ususer/IdeaProjects/SpringBoot_CRUD/target/classes started by ususer in /home/ususer/IdeaProjects/SpringBoot_CRUD)
2023-04-08T06:18:54.357-04:00  INFO 8385 --- [restartedMain] c.S.SpringBootCrudApplication            : No active profile set, falling back to 1 default profile: "default"
2023-04-08T06:18:54.420-04:00  INFO 8385 --- [restartedMain] .e.DevToolsPropertyDefaultsPostProcessor : Devtools property defaults active! Set 'spring.devtools.add-properties' to 'false' to disable
2023-04-08T06:18:54.420-04:00  INFO 8385 --- [restartedMain] .e.DevToolsPropertyDefaultsPostProcessor : For additional web related logging consider setting the 'logging.level.web' property to 'DEBUG'
2023-04-08T06:18:55.007-04:00  INFO 8385 --- [restartedMain] .s.d.r.c.RepositoryConfigurationDelegate : Bootstrapping Spring Data JPA repositories in DEFAULT mode.
2023-04-08T06:18:55.024-04:00  INFO 8385 --- [restartedMain] .s.d.r.c.RepositoryConfigurationDelegate : Finished Spring Data repository scanning in 11 ms. Found 0 JPA repository interfaces.
2023-04-08T06:18:55.260-04:00  INFO 8385 --- [restartedMain] trationDelegate$BeanPostProcessorChecker : Bean 'org.springframework.ws.config.annotation.DelegatingWsConfiguration' of type [org.springframework.ws.config.annotation.DelegatingWsConfiguration$$SpringCGLIB$$0] is not eligible for getting processed by all BeanPostProcessors (for example: not eligible for auto-proxying)
2023-04-08T06:18:55.288-04:00  INFO 8385 --- [restartedMain] .w.s.a.s.AnnotationActionEndpointMapping : Supporting [WS-Addressing August 2004, WS-Addressing 1.0]
2023-04-08T06:18:55.531-04:00  INFO 8385 --- [restartedMain] o.s.b.w.embedded.tomcat.TomcatWebServer  : Tomcat initialized with port(s): 8888 (http)
2023-04-08T06:18:55.538-04:00  INFO 8385 --- [restartedMain] o.apache.catalina.core.StandardService   : Starting service [Tomcat]
2023-04-08T06:18:55.539-04:00  INFO 8385 --- [restartedMain] o.apache.catalina.core.StandardEngine    : Starting Servlet engine: [Apache Tomcat/10.1.7]
2023-04-08T06:18:55.592-04:00  INFO 8385 --- [restartedMain] o.a.c.c.C.[Tomcat].[localhost].[/]       : Initializing Spring embedded WebApplicationContext
2023-04-08T06:18:55.592-04:00  INFO 8385 --- [restartedMain] w.s.c.ServletWebServerApplicationContext : Root WebApplicationContext: initialization completed in 1171 ms
2023-04-08T06:18:55.714-04:00  INFO 8385 --- [restartedMain] o.hibernate.jpa.internal.util.LogHelper  : HHH000204: Processing PersistenceUnitInfo [name: default]
2023-04-08T06:18:55.751-04:00  INFO 8385 --- [restartedMain] org.hibernate.Version                    : HHH000412: Hibernate ORM core version 6.1.7.Final
2023-04-08T06:18:55.963-04:00  INFO 8385 --- [restartedMain] com.zaxxer.hikari.HikariDataSource       : HikariPool-1 - Starting...
2023-04-08T06:18:56.204-04:00  INFO 8385 --- [restartedMain] com.zaxxer.hikari.pool.HikariPool        : HikariPool-1 - Added connection com.mysql.cj.jdbc.ConnectionImpl@7be7fb30
2023-04-08T06:18:56.206-04:00  INFO 8385 --- [restartedMain] com.zaxxer.hikari.HikariDataSource       : HikariPool-1 - Start completed.
2023-04-08T06:18:56.243-04:00  INFO 8385 --- [restartedMain] SQL dialect                              : HHH000400: Using dialect: org.hibernate.dialect.MySQLDialect
2023-04-08T06:18:56.996-04:00  INFO 8385 --- [restartedMain] o.h.e.t.j.p.i.JtaPlatformInitiator       : HHH000490: Using JtaPlatform implementation: [org.hibernate.engine.transaction.jta.platform.internal.NoJtaPlatform]
2023-04-08T06:18:57.004-04:00  INFO 8385 --- [restartedMain] j.LocalContainerEntityManagerFactoryBean : Initialized JPA EntityManagerFactory for persistence unit 'default'
2023-04-08T06:18:57.081-04:00  INFO 8385 --- [restartedMain] c.S.JPA_packages.service.UserServiceImp  : UserWebServiceImpl: Users created
2023-04-08T06:18:57.317-04:00  INFO 8385 --- [restartedMain] o.s.b.a.w.s.WelcomePageHandlerMapping    : Adding welcome page template: index
2023-04-08T06:18:57.502-04:00  INFO 8385 --- [restartedMain] o.s.b.d.a.OptionalLiveReloadServer       : LiveReload server is running on port 35729
2023-04-08T06:18:57.534-04:00  INFO 8385 --- [restartedMain] o.s.b.w.embedded.tomcat.TomcatWebServer  : Tomcat started on port(s): 8888 (http) with context path ''
2023-04-08T06:18:57.545-04:00  INFO 8385 --- [restartedMain] c.S.SpringBootCrudApplication            : Started SpringBootCrudApplication in 3.607 seconds (process running for 4.194)
2023-04-08T06:20:23.915-04:00  INFO 8385 --- [SpringApplicationShutdownHook] j.LocalContainerEntityManagerFactoryBean : Closing JPA EntityManagerFactory for persistence unit 'default'
2023-04-08T06:20:23.923-04:00  INFO 8385 --- [SpringApplicationShutdownHook] com.zaxxer.hikari.HikariDataSource       : HikariPool-1 - Shutdown initiated...
2023-04-08T06:20:23.967-04:00  INFO 8385 --- [SpringApplicationShutdownHook] com.zaxxer.hikari.HikariDataSource       : HikariPool-1 - Shutdown completed.
2023-04-08T06:20:40.751-04:00  INFO 8744 --- [restartedMain] c.S.SpringBootCrudApplication            : Starting SpringBootCrudApplication using Java 17.0.6 with PID 8744 (/home/ususer/IdeaProjects/SpringBoot_CRUD/target/classes started by ususer in /home/ususer/IdeaProjects/SpringBoot_CRUD)
2023-04-08T06:20:40.754-04:00  INFO 8744 --- [restartedMain] c.S.SpringBootCrudApplication            : No active profile set, falling back to 1 default profile: "default"
2023-04-08T06:20:40.844-04:00  INFO 8744 --- [restartedMain] .e.DevToolsPropertyDefaultsPostProcessor : Devtools property defaults active! Set 'spring.devtools.add-properties' to 'false' to disable
2023-04-08T06:20:40.845-04:00  INFO 8744 --- [restartedMain] .e.DevToolsPropertyDefaultsPostProcessor : For additional web related logging consider setting the 'logging.level.web' property to 'DEBUG'
2023-04-08T06:20:41.428-04:00  INFO 8744 --- [restartedMain] .s.d.r.c.RepositoryConfigurationDelegate : Bootstrapping Spring Data JPA repositories in DEFAULT mode.
2023-04-08T06:20:41.445-04:00  INFO 8744 --- [restartedMain] .s.d.r.c.RepositoryConfigurationDelegate : Finished Spring Data repository scanning in 11 ms. Found 0 JPA repository interfaces.
2023-04-08T06:20:41.682-04:00  INFO 8744 --- [restartedMain] trationDelegate$BeanPostProcessorChecker : Bean 'org.springframework.ws.config.annotation.DelegatingWsConfiguration' of type [org.springframework.ws.config.annotation.DelegatingWsConfiguration$$SpringCGLIB$$0] is not eligible for getting processed by all BeanPostProcessors (for example: not eligible for auto-proxying)
2023-04-08T06:20:41.711-04:00  INFO 8744 --- [restartedMain] .w.s.a.s.AnnotationActionEndpointMapping : Supporting [WS-Addressing August 2004, WS-Addressing 1.0]
2023-04-08T06:20:41.960-04:00  INFO 8744 --- [restartedMain] o.s.b.w.embedded.tomcat.TomcatWebServer  : Tomcat initialized with port(s): 8888 (http)
2023-04-08T06:20:41.967-04:00  INFO 8744 --- [restartedMain] o.apache.catalina.core.StandardService   : Starting service [Tomcat]
2023-04-08T06:20:41.967-04:00  INFO 8744 --- [restartedMain] o.apache.catalina.core.StandardEngine    : Starting Servlet engine: [Apache Tomcat/10.1.7]
2023-04-08T06:20:42.016-04:00  INFO 8744 --- [restartedMain] o.a.c.c.C.[Tomcat].[localhost].[/]       : Initializing Spring embedded WebApplicationContext
2023-04-08T06:20:42.016-04:00  INFO 8744 --- [restartedMain] w.s.c.ServletWebServerApplicationContext : Root WebApplicationContext: initialization completed in 1170 ms
2023-04-08T06:20:42.132-04:00  INFO 8744 --- [restartedMain] o.hibernate.jpa.internal.util.LogHelper  : HHH000204: Processing PersistenceUnitInfo [name: default]
2023-04-08T06:20:42.168-04:00  INFO 8744 --- [restartedMain] org.hibernate.Version                    : HHH000412: Hibernate ORM core version 6.1.7.Final
2023-04-08T06:20:42.379-04:00  INFO 8744 --- [restartedMain] com.zaxxer.hikari.HikariDataSource       : HikariPool-1 - Starting...
2023-04-08T06:20:42.618-04:00  INFO 8744 --- [restartedMain] com.zaxxer.hikari.pool.HikariPool        : HikariPool-1 - Added connection com.mysql.cj.jdbc.ConnectionImpl@79be158f
2023-04-08T06:20:42.620-04:00  INFO 8744 --- [restartedMain] com.zaxxer.hikari.HikariDataSource       : HikariPool-1 - Start completed.
2023-04-08T06:20:42.657-04:00  INFO 8744 --- [restartedMain] SQL dialect                              : HHH000400: Using dialect: org.hibernate.dialect.MySQLDialect
2023-04-08T06:20:43.392-04:00  INFO 8744 --- [restartedMain] o.h.e.t.j.p.i.JtaPlatformInitiator       : HHH000490: Using JtaPlatform implementation: [org.hibernate.engine.transaction.jta.platform.internal.NoJtaPlatform]
2023-04-08T06:20:43.400-04:00  INFO 8744 --- [restartedMain] j.LocalContainerEntityManagerFactoryBean : Initialized JPA EntityManagerFactory for persistence unit 'default'
2023-04-08T06:20:43.493-04:00  INFO 8744 --- [restartedMain] c.S.JPA_packages.service.UserServiceImp  : UserWebServiceImpl: Users created
2023-04-08T06:20:43.776-04:00  INFO 8744 --- [restartedMain] o.s.b.a.w.s.WelcomePageHandlerMapping    : Adding welcome page template: index
2023-04-08T06:20:43.958-04:00  INFO 8744 --- [restartedMain] o.s.b.d.a.OptionalLiveReloadServer       : LiveReload server is running on port 35729
2023-04-08T06:20:43.990-04:00  INFO 8744 --- [restartedMain] o.s.b.w.embedded.tomcat.TomcatWebServer  : Tomcat started on port(s): 8888 (http) with context path ''
2023-04-08T06:20:44.000-04:00  INFO 8744 --- [restartedMain] c.S.SpringBootCrudApplication            : Started SpringBootCrudApplication in 3.743 seconds (process running for 4.455)
2023-04-08T06:28:45.268-04:00  INFO 10916 --- [restartedMain] c.S.SpringBootCrudApplication            : Starting SpringBootCrudApplication using Java 17.0.6 with PID 10916 (/home/ususer/IdeaProjects/SpringBoot_CRUD/target/classes started by ususer in /home/ususer/IdeaProjects/SpringBoot_CRUD)
2023-04-08T06:28:45.271-04:00  INFO 10916 --- [restartedMain] c.S.SpringBootCrudApplication            : No active profile set, falling back to 1 default profile: "default"
2023-04-08T06:28:45.316-04:00  INFO 10916 --- [restartedMain] .e.DevToolsPropertyDefaultsPostProcessor : Devtools property defaults active! Set 'spring.devtools.add-properties' to 'false' to disable
2023-04-08T06:28:45.316-04:00  INFO 10916 --- [restartedMain] .e.DevToolsPropertyDefaultsPostProcessor : For additional web related logging consider setting the 'logging.level.web' property to 'DEBUG'
2023-04-08T06:28:46.117-04:00  INFO 10916 --- [restartedMain] .s.d.r.c.RepositoryConfigurationDelegate : Bootstrapping Spring Data JPA repositories in DEFAULT mode.
2023-04-08T06:28:46.134-04:00  INFO 10916 --- [restartedMain] .s.d.r.c.RepositoryConfigurationDelegate : Finished Spring Data repository scanning in 10 ms. Found 0 JPA repository interfaces.
2023-04-08T06:28:46.378-04:00  INFO 10916 --- [restartedMain] trationDelegate$BeanPostProcessorChecker : Bean 'org.springframework.ws.config.annotation.DelegatingWsConfiguration' of type [org.springframework.ws.config.annotation.DelegatingWsConfiguration$$SpringCGLIB$$0] is not eligible for getting processed by all BeanPostProcessors (for example: not eligible for auto-proxying)
2023-04-08T06:28:46.409-04:00  INFO 10916 --- [restartedMain] .w.s.a.s.AnnotationActionEndpointMapping : Supporting [WS-Addressing August 2004, WS-Addressing 1.0]
2023-04-08T06:28:46.655-04:00  INFO 10916 --- [restartedMain] o.s.b.w.embedded.tomcat.TomcatWebServer  : Tomcat initialized with port(s): 8888 (http)
2023-04-08T06:28:46.663-04:00  INFO 10916 --- [restartedMain] o.apache.catalina.core.StandardService   : Starting service [Tomcat]
2023-04-08T06:28:46.664-04:00  INFO 10916 --- [restartedMain] o.apache.catalina.core.StandardEngine    : Starting Servlet engine: [Apache Tomcat/10.1.7]
2023-04-08T06:28:46.708-04:00  INFO 10916 --- [restartedMain] o.a.c.c.C.[Tomcat].[localhost].[/]       : Initializing Spring embedded WebApplicationContext
2023-04-08T06:28:46.709-04:00  INFO 10916 --- [restartedMain] w.s.c.ServletWebServerApplicationContext : Root WebApplicationContext: initialization completed in 1391 ms
2023-04-08T06:28:46.843-04:00  INFO 10916 --- [restartedMain] o.hibernate.jpa.internal.util.LogHelper  : HHH000204: Processing PersistenceUnitInfo [name: default]
2023-04-08T06:28:46.881-04:00  INFO 10916 --- [restartedMain] org.hibernate.Version                    : HHH000412: Hibernate ORM core version 6.1.7.Final
2023-04-08T06:28:47.085-04:00  INFO 10916 --- [restartedMain] com.zaxxer.hikari.HikariDataSource       : HikariPool-1 - Starting...
2023-04-08T06:28:47.339-04:00  INFO 10916 --- [restartedMain] com.zaxxer.hikari.pool.HikariPool        : HikariPool-1 - Added connection com.mysql.cj.jdbc.ConnectionImpl@22f3be4b
2023-04-08T06:28:47.340-04:00  INFO 10916 --- [restartedMain] com.zaxxer.hikari.HikariDataSource       : HikariPool-1 - Start completed.
2023-04-08T06:28:47.379-04:00  INFO 10916 --- [restartedMain] SQL dialect                              : HHH000400: Using dialect: org.hibernate.dialect.MySQLDialect
2023-04-08T06:28:48.156-04:00  INFO 10916 --- [restartedMain] o.h.e.t.j.p.i.JtaPlatformInitiator       : HHH000490: Using JtaPlatform implementation: [org.hibernate.engine.transaction.jta.platform.internal.NoJtaPlatform]
2023-04-08T06:28:48.174-04:00  INFO 10916 --- [restartedMain] j.LocalContainerEntityManagerFactoryBean : Initialized JPA EntityManagerFactory for persistence unit 'default'
2023-04-08T06:28:48.257-04:00  INFO 10916 --- [restartedMain] c.S.JPA_packages.service.UserServiceImp  : UserWebServiceImpl: Users created
2023-04-08T06:28:48.535-04:00  INFO 10916 --- [restartedMain] o.s.b.a.w.s.WelcomePageHandlerMapping    : Adding welcome page template: index
2023-04-08T06:28:48.743-04:00  INFO 10916 --- [restartedMain] o.s.b.d.a.OptionalLiveReloadServer       : LiveReload server is running on port 35729
2023-04-08T06:28:48.780-04:00  INFO 10916 --- [restartedMain] o.s.b.w.embedded.tomcat.TomcatWebServer  : Tomcat started on port(s): 8888 (http) with context path ''
2023-04-08T06:28:48.790-04:00  INFO 10916 --- [restartedMain] c.S.SpringBootCrudApplication            : Started SpringBootCrudApplication in 3.915 seconds (process running for 4.686)
2023-04-08T06:29:02.973-04:00  INFO 10916 --- [http-nio-8888-exec-1] o.a.c.c.C.[Tomcat].[localhost].[/]       : Initializing Spring DispatcherServlet 'dispatcherServlet'
2023-04-08T06:29:02.974-04:00  INFO 10916 --- [http-nio-8888-exec-1] o.s.web.servlet.DispatcherServlet        : Initializing Servlet 'dispatcherServlet'
2023-04-08T06:29:02.976-04:00  INFO 10916 --- [http-nio-8888-exec-1] o.s.web.servlet.DispatcherServlet        : Completed initialization in 1 ms
2023-04-08T06:29:03.007-04:00  INFO 10916 --- [http-nio-8888-exec-1] c.S.JPA_packages.service.UserServiceImp  : UserWebServiceImpl: Users selected
2023-04-08T06:29:03.206-04:00  INFO 10916 --- [http-nio-8888-exec-1] c.S.J.controller.UsersController         : UsersController: Users printed
2023-04-08T06:29:08.964-04:00  INFO 10916 --- [http-nio-8888-exec-2] c.S.J.controller.UsersController         : dsw
2023-04-08T06:29:08.965-04:00  INFO 10916 --- [http-nio-8888-exec-2] c.S.J.controller.UsersController         : dqw
2023-04-08T06:29:08.965-04:00  INFO 10916 --- [http-nio-8888-exec-2] c.S.J.controller.UsersController         : dqw
2023-04-08T06:29:08.991-04:00  INFO 10916 --- [http-nio-8888-exec-4] c.S.JPA_packages.service.UserServiceImp  : UserWebServiceImpl: Users selected
2023-04-08T06:29:08.995-04:00  INFO 10916 --- [http-nio-8888-exec-4] c.S.J.controller.UsersController         : UsersController: Users printed
2023-04-08T06:29:11.340-04:00  INFO 10916 --- [http-nio-8888-exec-6] c.S.J.controller.UsersController         : UsersController: UsersController: User removing process started
2023-04-08T06:29:11.384-04:00  INFO 10916 --- [http-nio-8888-exec-7] c.S.JPA_packages.service.UserServiceImp  : UserWebServiceImpl: Users selected
2023-04-08T06:29:11.387-04:00  INFO 10916 --- [http-nio-8888-exec-7] c.S.J.controller.UsersController         : UsersController: Users printed
2023-04-08T06:29:23.742-04:00  INFO 10916 --- [http-nio-8888-exec-9] c.S.J.controller.UsersController         : UsersController: UsersController: User removing process started
2023-04-08T06:29:23.747-04:00  INFO 10916 --- [http-nio-8888-exec-9] c.S.JPA_packages.DAO.UserDaoImp          : UserDao: User is null
2023-04-08T06:29:23.751-04:00  INFO 10916 --- [http-nio-8888-exec-9] c.S.J.controller.UsersController         : UsersController: UsersController: IllegalArgumentException thrown
2023-04-08T06:29:23.767-04:00  INFO 10916 --- [http-nio-8888-exec-10] c.S.JPA_packages.service.UserServiceImp  : UserWebServiceImpl: Users selected
2023-04-08T06:29:23.771-04:00  INFO 10916 --- [http-nio-8888-exec-10] c.S.J.controller.UsersController         : UsersController: Users printed
2023-04-08T06:46:10.974-04:00  INFO 10916 --- [SpringApplicationShutdownHook] j.LocalContainerEntityManagerFactoryBean : Closing JPA EntityManagerFactory for persistence unit 'default'
2023-04-08T06:46:10.977-04:00  INFO 10916 --- [SpringApplicationShutdownHook] com.zaxxer.hikari.HikariDataSource       : HikariPool-1 - Shutdown initiated...
2023-04-08T06:46:10.982-04:00  INFO 10916 --- [SpringApplicationShutdownHook] com.zaxxer.hikari.HikariDataSource       : HikariPool-1 - Shutdown completed.
